[2.558s] DEBUG:colcon:Command line arguments: ['/usr/bin/colcon', 'build']
[2.558s] DEBUG:colcon:Parsed command line arguments: Namespace(log_base=None, log_level=None, verb_name='build', build_base='build', install_base='install', merge_install=False, symlink_install=False, test_result_base=None, continue_on_error=False, executor='parallel', parallel_workers=12, event_handlers=None, ignore_user_meta=False, metas=['./colcon.meta'], base_paths=['.'], packages_ignore=None, packages_ignore_regex=None, paths=None, packages_up_to=None, packages_up_to_regex=None, packages_above=None, packages_above_and_dependencies=None, packages_above_depth=None, packages_select_by_dep=None, packages_skip_by_dep=None, packages_skip_up_to=None, packages_select_build_failed=False, packages_skip_build_finished=False, packages_select_test_failures=False, packages_skip_test_passed=False, packages_select=None, packages_skip=None, packages_select_regex=None, packages_skip_regex=None, packages_start=None, packages_end=None, allow_overriding=[], cmake_args=None, cmake_target=None, cmake_target_skip_unavailable=False, cmake_clean_cache=False, cmake_clean_first=False, cmake_force_configure=False, ament_cmake_args=None, catkin_cmake_args=None, catkin_skip_building_tests=False, verb_parser=<colcon_defaults.argument_parser.defaults.DefaultArgumentsDecorator object at 0x7fe9274ca830>, verb_extension=<colcon_core.verb.build.BuildVerb object at 0x7fe927cd25f0>, main=<bound method BuildVerb.main of <colcon_core.verb.build.BuildVerb object at 0x7fe927cd25f0>>)
[2.760s] Level 1:colcon.colcon_core.package_discovery:discover_packages(colcon_meta) check parameters
[2.760s] Level 1:colcon.colcon_core.package_discovery:discover_packages(recursive) check parameters
[2.760s] Level 1:colcon.colcon_core.package_discovery:discover_packages(ignore) check parameters
[2.760s] Level 1:colcon.colcon_core.package_discovery:discover_packages(path) check parameters
[2.760s] Level 1:colcon.colcon_core.package_discovery:discover_packages(colcon_meta) discover
[2.761s] Level 1:colcon.colcon_core.package_discovery:discover_packages(recursive) discover
[2.762s] INFO:colcon.colcon_core.package_discovery:Crawling recursively for packages in '/home/ns/matlab/inference/ros2_ws'
[2.762s] Level 1:colcon.colcon_core.package_identification:_identify(.) by extensions ['ignore', 'ignore_ament_install']
[2.762s] Level 1:colcon.colcon_core.package_identification:_identify(.) by extension 'ignore'
[2.762s] Level 1:colcon.colcon_core.package_identification:_identify(.) by extension 'ignore_ament_install'
[2.762s] Level 1:colcon.colcon_core.package_identification:_identify(.) by extensions ['colcon_pkg']
[2.762s] Level 1:colcon.colcon_core.package_identification:_identify(.) by extension 'colcon_pkg'
[2.762s] Level 1:colcon.colcon_core.package_identification:_identify(.) by extensions ['colcon_meta']
[2.763s] Level 1:colcon.colcon_core.package_identification:_identify(.) by extension 'colcon_meta'
[2.763s] Level 1:colcon.colcon_core.package_identification:_identify(.) by extensions ['ros']
[2.763s] Level 1:colcon.colcon_core.package_identification:_identify(.) by extension 'ros'
[2.778s] Level 1:colcon.colcon_core.package_identification:_identify(.) by extensions ['cmake', 'python']
[2.778s] Level 1:colcon.colcon_core.package_identification:_identify(.) by extension 'cmake'
[2.778s] Level 1:colcon.colcon_core.package_identification:_identify(.) by extension 'python'
[2.779s] Level 1:colcon.colcon_core.package_identification:_identify(.) by extensions ['python_setup_py']
[2.779s] Level 1:colcon.colcon_core.package_identification:_identify(.) by extension 'python_setup_py'
[2.779s] Level 1:colcon.colcon_core.package_identification:_identify(build) by extensions ['ignore', 'ignore_ament_install']
[2.779s] Level 1:colcon.colcon_core.package_identification:_identify(build) by extension 'ignore'
[2.779s] Level 1:colcon.colcon_core.package_identification:_identify(build) ignored
[2.779s] Level 1:colcon.colcon_core.package_identification:_identify(install) by extensions ['ignore', 'ignore_ament_install']
[2.779s] Level 1:colcon.colcon_core.package_identification:_identify(install) by extension 'ignore'
[2.779s] Level 1:colcon.colcon_core.package_identification:_identify(install) ignored
[2.779s] Level 1:colcon.colcon_core.package_identification:_identify(log) by extensions ['ignore', 'ignore_ament_install']
[2.779s] Level 1:colcon.colcon_core.package_identification:_identify(log) by extension 'ignore'
[2.780s] Level 1:colcon.colcon_core.package_identification:_identify(log) ignored
[2.780s] Level 1:colcon.colcon_core.package_identification:_identify(src) by extensions ['ignore', 'ignore_ament_install']
[2.780s] Level 1:colcon.colcon_core.package_identification:_identify(src) by extension 'ignore'
[2.780s] Level 1:colcon.colcon_core.package_identification:_identify(src) by extension 'ignore_ament_install'
[2.780s] Level 1:colcon.colcon_core.package_identification:_identify(src) by extensions ['colcon_pkg']
[2.780s] Level 1:colcon.colcon_core.package_identification:_identify(src) by extension 'colcon_pkg'
[2.780s] Level 1:colcon.colcon_core.package_identification:_identify(src) by extensions ['colcon_meta']
[2.780s] Level 1:colcon.colcon_core.package_identification:_identify(src) by extension 'colcon_meta'
[2.780s] Level 1:colcon.colcon_core.package_identification:_identify(src) by extensions ['ros']
[2.780s] Level 1:colcon.colcon_core.package_identification:_identify(src) by extension 'ros'
[2.780s] Level 1:colcon.colcon_core.package_identification:_identify(src) by extensions ['cmake', 'python']
[2.780s] Level 1:colcon.colcon_core.package_identification:_identify(src) by extension 'cmake'
[2.780s] Level 1:colcon.colcon_core.package_identification:_identify(src) by extension 'python'
[2.780s] Level 1:colcon.colcon_core.package_identification:_identify(src) by extensions ['python_setup_py']
[2.780s] Level 1:colcon.colcon_core.package_identification:_identify(src) by extension 'python_setup_py'
[2.780s] Level 1:colcon.colcon_core.package_identification:_identify(src/bc_wreg) by extensions ['ignore', 'ignore_ament_install']
[2.780s] Level 1:colcon.colcon_core.package_identification:_identify(src/bc_wreg) by extension 'ignore'
[2.781s] Level 1:colcon.colcon_core.package_identification:_identify(src/bc_wreg) by extension 'ignore_ament_install'
[2.781s] Level 1:colcon.colcon_core.package_identification:_identify(src/bc_wreg) by extensions ['colcon_pkg']
[2.781s] Level 1:colcon.colcon_core.package_identification:_identify(src/bc_wreg) by extension 'colcon_pkg'
[2.781s] Level 1:colcon.colcon_core.package_identification:_identify(src/bc_wreg) by extensions ['colcon_meta']
[2.781s] Level 1:colcon.colcon_core.package_identification:_identify(src/bc_wreg) by extension 'colcon_meta'
[2.781s] Level 1:colcon.colcon_core.package_identification:_identify(src/bc_wreg) by extensions ['ros']
[2.781s] Level 1:colcon.colcon_core.package_identification:_identify(src/bc_wreg) by extension 'ros'
[2.840s] DEBUG:colcon.colcon_core.package_identification:Package 'src/bc_wreg' with type 'ros.ament_python' and name 'bc_wreg'
[2.840s] Level 1:colcon.colcon_core.package_discovery:discover_packages(recursive) using defaults
[2.840s] Level 1:colcon.colcon_core.package_discovery:discover_packages(ignore) discover
[2.840s] Level 1:colcon.colcon_core.package_discovery:discover_packages(ignore) using defaults
[2.840s] Level 1:colcon.colcon_core.package_discovery:discover_packages(path) discover
[2.841s] Level 1:colcon.colcon_core.package_discovery:discover_packages(path) using defaults
[2.921s] Level 1:colcon.colcon_core.package_discovery:discover_packages(prefix_path) check parameters
[2.921s] Level 1:colcon.colcon_core.package_discovery:discover_packages(prefix_path) discover
[2.926s] DEBUG:colcon.colcon_installed_package_information.package_discovery:Found 321 installed packages in /opt/ros/humble
[2.927s] Level 1:colcon.colcon_core.package_discovery:discover_packages(prefix_path) using defaults
[2.987s] Level 5:colcon.colcon_core.verb:set package 'bc_wreg' build argument 'cmake_args' from command line to 'None'
[2.987s] Level 5:colcon.colcon_core.verb:set package 'bc_wreg' build argument 'cmake_target' from command line to 'None'
[2.987s] Level 5:colcon.colcon_core.verb:set package 'bc_wreg' build argument 'cmake_target_skip_unavailable' from command line to 'False'
[2.987s] Level 5:colcon.colcon_core.verb:set package 'bc_wreg' build argument 'cmake_clean_cache' from command line to 'False'
[2.987s] Level 5:colcon.colcon_core.verb:set package 'bc_wreg' build argument 'cmake_clean_first' from command line to 'False'
[2.987s] Level 5:colcon.colcon_core.verb:set package 'bc_wreg' build argument 'cmake_force_configure' from command line to 'False'
[2.987s] Level 5:colcon.colcon_core.verb:set package 'bc_wreg' build argument 'ament_cmake_args' from command line to 'None'
[2.987s] Level 5:colcon.colcon_core.verb:set package 'bc_wreg' build argument 'catkin_cmake_args' from command line to 'None'
[2.987s] Level 5:colcon.colcon_core.verb:set package 'bc_wreg' build argument 'catkin_skip_building_tests' from command line to 'False'
[2.987s] DEBUG:colcon.colcon_core.verb:Building package 'bc_wreg' with the following arguments: {'ament_cmake_args': None, 'build_base': '/home/ns/matlab/inference/ros2_ws/build/bc_wreg', 'catkin_cmake_args': None, 'catkin_skip_building_tests': False, 'cmake_args': None, 'cmake_clean_cache': False, 'cmake_clean_first': False, 'cmake_force_configure': False, 'cmake_target': None, 'cmake_target_skip_unavailable': False, 'install_base': '/home/ns/matlab/inference/ros2_ws/install/bc_wreg', 'merge_install': False, 'path': '/home/ns/matlab/inference/ros2_ws/src/bc_wreg', 'symlink_install': False, 'test_result_base': None}
[2.987s] INFO:colcon.colcon_core.executor:Executing jobs using 'parallel' executor
[2.990s] DEBUG:colcon.colcon_parallel_executor.executor.parallel:run_until_complete
[2.990s] INFO:colcon.colcon_ros.task.ament_python.build:Building ROS package in '/home/ns/matlab/inference/ros2_ws/src/bc_wreg' with build type 'ament_python'
[2.990s] Level 1:colcon.colcon_core.shell:create_environment_hook('bc_wreg', 'ament_prefix_path')
[3.026s] INFO:colcon.colcon_core.plugin_system:Skipping extension 'colcon_core.shell.bat': Not used on non-Windows systems
[3.027s] INFO:colcon.colcon_core.shell:Creating environment hook '/home/ns/matlab/inference/ros2_ws/install/bc_wreg/share/bc_wreg/hook/ament_prefix_path.ps1'
[3.027s] INFO:colcon.colcon_core.shell:Creating environment descriptor '/home/ns/matlab/inference/ros2_ws/install/bc_wreg/share/bc_wreg/hook/ament_prefix_path.dsv'
[3.044s] INFO:colcon.colcon_core.shell:Creating environment hook '/home/ns/matlab/inference/ros2_ws/install/bc_wreg/share/bc_wreg/hook/ament_prefix_path.sh'
[3.052s] INFO:colcon.colcon_core.shell:Skip shell extension 'powershell' for command environment: Not usable outside of PowerShell
[3.052s] DEBUG:colcon.colcon_core.shell:Skip shell extension 'dsv' for command environment
[3.350s] INFO:colcon.colcon_core.task.python.build:Building Python package in '/home/ns/matlab/inference/ros2_ws/src/bc_wreg'
[3.351s] INFO:colcon.colcon_core.shell:Skip shell extension 'powershell' for command environment: Not usable outside of PowerShell
[3.351s] DEBUG:colcon.colcon_core.shell:Skip shell extension 'dsv' for command environment
[4.720s] DEBUG:colcon.colcon_core.event_handler.log_command:Invoking command in '/home/ns/matlab/inference/ros2_ws/src/bc_wreg': CONDA_PROMPT_MODIFIER=(base) PYTHONPATH=/home/ns/matlab/inference/ros2_ws/build/bc_wreg/prefix_override:/home/ns/matlab/inference/ros2_ws/install/bc_wreg/lib/python3.10/site-packages:${PYTHONPATH} /usr/bin/python3 setup.py egg_info --egg-base ../../build/bc_wreg build --build-base /home/ns/matlab/inference/ros2_ws/build/bc_wreg/build install --record /home/ns/matlab/inference/ros2_ws/build/bc_wreg/install.log --single-version-externally-managed
[5.056s] DEBUG:colcon.colcon_core.event_handler.log_command:Invoked command in '/home/ns/matlab/inference/ros2_ws/src/bc_wreg' returned '0': CONDA_PROMPT_MODIFIER=(base) PYTHONPATH=/home/ns/matlab/inference/ros2_ws/build/bc_wreg/prefix_override:/home/ns/matlab/inference/ros2_ws/install/bc_wreg/lib/python3.10/site-packages:${PYTHONPATH} /usr/bin/python3 setup.py egg_info --egg-base ../../build/bc_wreg build --build-base /home/ns/matlab/inference/ros2_ws/build/bc_wreg/build install --record /home/ns/matlab/inference/ros2_ws/build/bc_wreg/install.log --single-version-externally-managed
[5.141s] Level 1:colcon.colcon_core.environment:checking '/home/ns/matlab/inference/ros2_ws/install/bc_wreg' for CMake module files
[5.142s] Level 1:colcon.colcon_core.environment:checking '/home/ns/matlab/inference/ros2_ws/install/bc_wreg' for CMake config files
[5.144s] Level 1:colcon.colcon_core.environment:checking '/home/ns/matlab/inference/ros2_ws/install/bc_wreg/lib'
[5.145s] Level 1:colcon.colcon_core.environment:checking '/home/ns/matlab/inference/ros2_ws/install/bc_wreg/bin'
[5.145s] Level 1:colcon.colcon_core.environment:checking '/home/ns/matlab/inference/ros2_ws/install/bc_wreg/lib/pkgconfig/bc_wreg.pc'
[5.145s] Level 1:colcon.colcon_core.environment:checking '/home/ns/matlab/inference/ros2_ws/install/bc_wreg/lib/python3.10/site-packages'
[5.146s] Level 1:colcon.colcon_core.shell:create_environment_hook('bc_wreg', 'pythonpath')
[5.149s] INFO:colcon.colcon_core.shell:Creating environment hook '/home/ns/matlab/inference/ros2_ws/install/bc_wreg/share/bc_wreg/hook/pythonpath.ps1'
[5.150s] INFO:colcon.colcon_core.shell:Creating environment descriptor '/home/ns/matlab/inference/ros2_ws/install/bc_wreg/share/bc_wreg/hook/pythonpath.dsv'
[5.151s] INFO:colcon.colcon_core.shell:Creating environment hook '/home/ns/matlab/inference/ros2_ws/install/bc_wreg/share/bc_wreg/hook/pythonpath.sh'
[5.153s] Level 1:colcon.colcon_core.environment:checking '/home/ns/matlab/inference/ros2_ws/install/bc_wreg/bin'
[5.153s] Level 1:colcon.colcon_core.environment:create_environment_scripts_only(bc_wreg)
[5.157s] INFO:colcon.colcon_core.shell:Creating package script '/home/ns/matlab/inference/ros2_ws/install/bc_wreg/share/bc_wreg/package.ps1'
[5.159s] INFO:colcon.colcon_core.shell:Creating package descriptor '/home/ns/matlab/inference/ros2_ws/install/bc_wreg/share/bc_wreg/package.dsv'
[5.161s] INFO:colcon.colcon_core.shell:Creating package script '/home/ns/matlab/inference/ros2_ws/install/bc_wreg/share/bc_wreg/package.sh'
[5.163s] INFO:colcon.colcon_core.shell:Creating package script '/home/ns/matlab/inference/ros2_ws/install/bc_wreg/share/bc_wreg/package.bash'
[5.164s] INFO:colcon.colcon_core.shell:Creating package script '/home/ns/matlab/inference/ros2_ws/install/bc_wreg/share/bc_wreg/package.zsh'
[5.166s] Level 1:colcon.colcon_core.environment:create_file_with_runtime_dependencies(/home/ns/matlab/inference/ros2_ws/install/bc_wreg/share/colcon-core/packages/bc_wreg)
[5.167s] DEBUG:colcon.colcon_parallel_executor.executor.parallel:closing loop
[5.167s] DEBUG:colcon.colcon_parallel_executor.executor.parallel:loop closed
[5.167s] DEBUG:colcon.colcon_parallel_executor.executor.parallel:run_until_complete finished with '0'
[5.167s] DEBUG:colcon.colcon_core.event_reactor:joining thread
[5.236s] INFO:colcon.colcon_core.plugin_system:Skipping extension 'colcon_notification.desktop_notification.terminal_notifier': Not used on non-Darwin systems
[5.237s] INFO:colcon.colcon_core.plugin_system:Skipping extension 'colcon_notification.desktop_notification.win32': Not used on non-Windows systems
[5.237s] INFO:colcon.colcon_notification.desktop_notification:Sending desktop notification using 'notify2'
[5.673s] DEBUG:colcon.colcon_core.event_reactor:joined thread
[5.677s] INFO:colcon.colcon_core.shell:Creating prefix script '/home/ns/matlab/inference/ros2_ws/install/local_setup.ps1'
[5.679s] INFO:colcon.colcon_core.shell:Creating prefix util module '/home/ns/matlab/inference/ros2_ws/install/_local_setup_util_ps1.py'
[5.682s] INFO:colcon.colcon_core.shell:Creating prefix chain script '/home/ns/matlab/inference/ros2_ws/install/setup.ps1'
[5.686s] INFO:colcon.colcon_core.shell:Creating prefix script '/home/ns/matlab/inference/ros2_ws/install/local_setup.sh'
[5.688s] INFO:colcon.colcon_core.shell:Creating prefix util module '/home/ns/matlab/inference/ros2_ws/install/_local_setup_util_sh.py'
[5.688s] INFO:colcon.colcon_core.shell:Creating prefix chain script '/home/ns/matlab/inference/ros2_ws/install/setup.sh'
[5.691s] INFO:colcon.colcon_core.shell:Creating prefix script '/home/ns/matlab/inference/ros2_ws/install/local_setup.bash'
[5.693s] INFO:colcon.colcon_core.shell:Creating prefix chain script '/home/ns/matlab/inference/ros2_ws/install/setup.bash'
[5.695s] INFO:colcon.colcon_core.shell:Creating prefix script '/home/ns/matlab/inference/ros2_ws/install/local_setup.zsh'
[5.696s] INFO:colcon.colcon_core.shell:Creating prefix chain script '/home/ns/matlab/inference/ros2_ws/install/setup.zsh'
