[0.598s] Invoking command in '/home/ns/matlab/inference/ros2_ws/src/bc_wreg': CONDA_PROMPT_MODIFIER=(base) PYTHONPATH=/home/ns/matlab/inference/ros2_ws/build/bc_wreg/prefix_override:/home/ns/matlab/inference/ros2_ws/install/bc_wreg/lib/python3.10/site-packages:${PYTHONPATH} /usr/bin/python3 setup.py egg_info --egg-base ../../build/bc_wreg build --build-base /home/ns/matlab/inference/ros2_ws/build/bc_wreg/build install --record /home/ns/matlab/inference/ros2_ws/build/bc_wreg/install.log --single-version-externally-managed
[0.835s] running egg_info
[0.835s] writing ../../build/bc_wreg/bc_wreg.egg-info/PKG-INFO
[0.835s] writing dependency_links to ../../build/bc_wreg/bc_wreg.egg-info/dependency_links.txt
[0.836s] writing entry points to ../../build/bc_wreg/bc_wreg.egg-info/entry_points.txt
[0.836s] writing requirements to ../../build/bc_wreg/bc_wreg.egg-info/requires.txt
[0.836s] writing top-level names to ../../build/bc_wreg/bc_wreg.egg-info/top_level.txt
[0.838s] reading manifest file '../../build/bc_wreg/bc_wreg.egg-info/SOURCES.txt'
[0.839s] writing manifest file '../../build/bc_wreg/bc_wreg.egg-info/SOURCES.txt'
[0.839s] running build
[0.839s] running build_py
[0.839s] copying bc_wreg/bc_offline_org.py -> /home/ns/matlab/inference/ros2_ws/build/bc_wreg/build/lib/bc_wreg
[0.839s] copying bc_wreg/bc_offline_inference.py -> /home/ns/matlab/inference/ros2_ws/build/bc_wreg/build/lib/bc_wreg
[0.839s] copying bc_wreg/bc_live_inference.py -> /home/ns/matlab/inference/ros2_ws/build/bc_wreg/build/lib/bc_wreg
[0.840s] running install
[0.840s] /usr/lib/python3/dist-packages/setuptools/command/install.py:34: SetuptoolsDeprecationWarning: setup.py install is deprecated. Use build and pip and other standards-based tools.
[0.840s]   warnings.warn(
[0.840s] running install_lib
[0.841s] copying /home/ns/matlab/inference/ros2_ws/build/bc_wreg/build/lib/bc_wreg/bc_offline_org.py -> /home/ns/matlab/inference/ros2_ws/install/bc_wreg/lib/python3.10/site-packages/bc_wreg
[0.841s] copying /home/ns/matlab/inference/ros2_ws/build/bc_wreg/build/lib/bc_wreg/bc_offline_inference.py -> /home/ns/matlab/inference/ros2_ws/install/bc_wreg/lib/python3.10/site-packages/bc_wreg
[0.841s] copying /home/ns/matlab/inference/ros2_ws/build/bc_wreg/build/lib/bc_wreg/bc_live_inference.py -> /home/ns/matlab/inference/ros2_ws/install/bc_wreg/lib/python3.10/site-packages/bc_wreg
[0.841s] byte-compiling /home/ns/matlab/inference/ros2_ws/install/bc_wreg/lib/python3.10/site-packages/bc_wreg/bc_offline_org.py to bc_offline_org.cpython-310.pyc
[0.842s] byte-compiling /home/ns/matlab/inference/ros2_ws/install/bc_wreg/lib/python3.10/site-packages/bc_wreg/bc_offline_inference.py to bc_offline_inference.cpython-310.pyc
[0.843s] byte-compiling /home/ns/matlab/inference/ros2_ws/install/bc_wreg/lib/python3.10/site-packages/bc_wreg/bc_live_inference.py to bc_live_inference.cpython-310.pyc
[0.844s] running install_data
[0.844s] running install_egg_info
[0.845s] removing '/home/ns/matlab/inference/ros2_ws/install/bc_wreg/lib/python3.10/site-packages/bc_wreg-0.0.0-py3.10.egg-info' (and everything under it)
[0.845s] Copying ../../build/bc_wreg/bc_wreg.egg-info to /home/ns/matlab/inference/ros2_ws/install/bc_wreg/lib/python3.10/site-packages/bc_wreg-0.0.0-py3.10.egg-info
[0.846s] running install_scripts
[0.863s] Installing bc_live_inference script to /home/ns/matlab/inference/ros2_ws/install/bc_wreg/lib/bc_wreg
[0.863s] Installing bc_offline_inference script to /home/ns/matlab/inference/ros2_ws/install/bc_wreg/lib/bc_wreg
[0.863s] Installing bc_offline_org script to /home/ns/matlab/inference/ros2_ws/install/bc_wreg/lib/bc_wreg
[0.863s] Installing hello script to /home/ns/matlab/inference/ros2_ws/install/bc_wreg/lib/bc_wreg
[0.863s] writing list of installed files to '/home/ns/matlab/inference/ros2_ws/build/bc_wreg/install.log'
[0.881s] Invoked command in '/home/ns/matlab/inference/ros2_ws/src/bc_wreg' returned '0': CONDA_PROMPT_MODIFIER=(base) PYTHONPATH=/home/ns/matlab/inference/ros2_ws/build/bc_wreg/prefix_override:/home/ns/matlab/inference/ros2_ws/install/bc_wreg/lib/python3.10/site-packages:${PYTHONPATH} /usr/bin/python3 setup.py egg_info --egg-base ../../build/bc_wreg build --build-base /home/ns/matlab/inference/ros2_ws/build/bc_wreg/build install --record /home/ns/matlab/inference/ros2_ws/build/bc_wreg/install.log --single-version-externally-managed
