[0.603s] Invoking command in '/home/ns/matlab/inference/ros2_ws/src/bc_wreg': CONDA_PROMPT_MODIFIER=(base) PYTHONPATH=/home/ns/matlab/inference/ros2_ws/build/bc_wreg/prefix_override:/home/ns/matlab/inference/ros2_ws/install/bc_wreg/lib/python3.10/site-packages:${PYTHONPATH} /usr/bin/python3 setup.py egg_info --egg-base ../../build/bc_wreg build --build-base /home/ns/matlab/inference/ros2_ws/build/bc_wreg/build install --record /home/ns/matlab/inference/ros2_ws/build/bc_wreg/install.log --single-version-externally-managed
[0.830s] running egg_info
[0.831s] writing ../../build/bc_wreg/bc_wreg.egg-info/PKG-INFO
[0.831s] writing dependency_links to ../../build/bc_wreg/bc_wreg.egg-info/dependency_links.txt
[0.831s] writing entry points to ../../build/bc_wreg/bc_wreg.egg-info/entry_points.txt
[0.831s] writing requirements to ../../build/bc_wreg/bc_wreg.egg-info/requires.txt
[0.831s] writing top-level names to ../../build/bc_wreg/bc_wreg.egg-info/top_level.txt
[0.833s] reading manifest file '../../build/bc_wreg/bc_wreg.egg-info/SOURCES.txt'
[0.833s] writing manifest file '../../build/bc_wreg/bc_wreg.egg-info/SOURCES.txt'
[0.833s] running build
[0.833s] running build_py
[0.833s] copying bc_wreg/bc_inference.py -> /home/ns/matlab/inference/ros2_ws/build/bc_wreg/build/lib/bc_wreg
[0.834s] running install
[0.834s] /usr/lib/python3/dist-packages/setuptools/command/install.py:34: SetuptoolsDeprecationWarning: setup.py install is deprecated. Use build and pip and other standards-based tools.
[0.834s]   warnings.warn(
[0.834s] running install_lib
[0.835s] copying /home/ns/matlab/inference/ros2_ws/build/bc_wreg/build/lib/bc_wreg/bc_inference.py -> /home/ns/matlab/inference/ros2_ws/install/bc_wreg/lib/python3.10/site-packages/bc_wreg
[0.835s] byte-compiling /home/ns/matlab/inference/ros2_ws/install/bc_wreg/lib/python3.10/site-packages/bc_wreg/bc_inference.py to bc_inference.cpython-310.pyc
[0.836s] running install_data
[0.836s] running install_egg_info
[0.838s] removing '/home/ns/matlab/inference/ros2_ws/install/bc_wreg/lib/python3.10/site-packages/bc_wreg-0.0.0-py3.10.egg-info' (and everything under it)
[0.838s] Copying ../../build/bc_wreg/bc_wreg.egg-info to /home/ns/matlab/inference/ros2_ws/install/bc_wreg/lib/python3.10/site-packages/bc_wreg-0.0.0-py3.10.egg-info
[0.839s] running install_scripts
[0.856s] Installing hello script to /home/ns/matlab/inference/ros2_ws/install/bc_wreg/lib/bc_wreg
[0.856s] Installing inference script to /home/ns/matlab/inference/ros2_ws/install/bc_wreg/lib/bc_wreg
[0.856s] writing list of installed files to '/home/ns/matlab/inference/ros2_ws/build/bc_wreg/install.log'
[0.874s] Invoked command in '/home/ns/matlab/inference/ros2_ws/src/bc_wreg' returned '0': CONDA_PROMPT_MODIFIER=(base) PYTHONPATH=/home/ns/matlab/inference/ros2_ws/build/bc_wreg/prefix_override:/home/ns/matlab/inference/ros2_ws/install/bc_wreg/lib/python3.10/site-packages:${PYTHONPATH} /usr/bin/python3 setup.py egg_info --egg-base ../../build/bc_wreg build --build-base /home/ns/matlab/inference/ros2_ws/build/bc_wreg/build install --record /home/ns/matlab/inference/ros2_ws/build/bc_wreg/install.log --single-version-externally-managed
