/home/ns/matlab/inference/ros2_ws/install/bc_wreg/lib/python3.10/site-packages/bc_wreg/__init__.py
/home/ns/matlab/inference/ros2_ws/install/bc_wreg/lib/python3.10/site-packages/bc_wreg/bc_offline_org.py
/home/ns/matlab/inference/ros2_ws/install/bc_wreg/lib/python3.10/site-packages/bc_wreg/hello_pub.py
/home/ns/matlab/inference/ros2_ws/install/bc_wreg/lib/python3.10/site-packages/bc_wreg/bc_offline_inference.py
/home/ns/matlab/inference/ros2_ws/install/bc_wreg/lib/python3.10/site-packages/bc_wreg/bc_lstm_offline_inference.py
/home/ns/matlab/inference/ros2_ws/install/bc_wreg/lib/python3.10/site-packages/bc_wreg/bc_live_inference.py
/home/ns/matlab/inference/ros2_ws/install/bc_wreg/lib/python3.10/site-packages/bc_wreg/bc_lstm_live_inference.py
/home/ns/matlab/inference/ros2_ws/install/bc_wreg/lib/python3.10/site-packages/bc_wreg/__pycache__/__init__.cpython-310.pyc
/home/ns/matlab/inference/ros2_ws/install/bc_wreg/lib/python3.10/site-packages/bc_wreg/__pycache__/bc_offline_org.cpython-310.pyc
/home/ns/matlab/inference/ros2_ws/install/bc_wreg/lib/python3.10/site-packages/bc_wreg/__pycache__/hello_pub.cpython-310.pyc
/home/ns/matlab/inference/ros2_ws/install/bc_wreg/lib/python3.10/site-packages/bc_wreg/__pycache__/bc_offline_inference.cpython-310.pyc
/home/ns/matlab/inference/ros2_ws/install/bc_wreg/lib/python3.10/site-packages/bc_wreg/__pycache__/bc_lstm_offline_inference.cpython-310.pyc
/home/ns/matlab/inference/ros2_ws/install/bc_wreg/lib/python3.10/site-packages/bc_wreg/__pycache__/bc_live_inference.cpython-310.pyc
/home/ns/matlab/inference/ros2_ws/install/bc_wreg/lib/python3.10/site-packages/bc_wreg/__pycache__/bc_lstm_live_inference.cpython-310.pyc
/home/ns/matlab/inference/ros2_ws/install/bc_wreg/share/ament_index/resource_index/packages/bc_wreg
/home/ns/matlab/inference/ros2_ws/install/bc_wreg/share/bc_wreg/package.xml
/home/ns/matlab/inference/ros2_ws/install/bc_wreg/lib/python3.10/site-packages/bc_wreg-0.0.0-py3.10.egg-info/top_level.txt
/home/ns/matlab/inference/ros2_ws/install/bc_wreg/lib/python3.10/site-packages/bc_wreg-0.0.0-py3.10.egg-info/SOURCES.txt
/home/ns/matlab/inference/ros2_ws/install/bc_wreg/lib/python3.10/site-packages/bc_wreg-0.0.0-py3.10.egg-info/zip-safe
/home/ns/matlab/inference/ros2_ws/install/bc_wreg/lib/python3.10/site-packages/bc_wreg-0.0.0-py3.10.egg-info/dependency_links.txt
/home/ns/matlab/inference/ros2_ws/install/bc_wreg/lib/python3.10/site-packages/bc_wreg-0.0.0-py3.10.egg-info/PKG-INFO
/home/ns/matlab/inference/ros2_ws/install/bc_wreg/lib/python3.10/site-packages/bc_wreg-0.0.0-py3.10.egg-info/requires.txt
/home/ns/matlab/inference/ros2_ws/install/bc_wreg/lib/python3.10/site-packages/bc_wreg-0.0.0-py3.10.egg-info/entry_points.txt
/home/ns/matlab/inference/ros2_ws/install/bc_wreg/lib/bc_wreg/bc_live_inference
/home/ns/matlab/inference/ros2_ws/install/bc_wreg/lib/bc_wreg/bc_lstm_live_inference
/home/ns/matlab/inference/ros2_ws/install/bc_wreg/lib/bc_wreg/bc_lstm_offline_inference
/home/ns/matlab/inference/ros2_ws/install/bc_wreg/lib/bc_wreg/bc_offline_inference
/home/ns/matlab/inference/ros2_ws/install/bc_wreg/lib/bc_wreg/bc_offline_org
/home/ns/matlab/inference/ros2_ws/install/bc_wreg/lib/bc_wreg/hello
